2020-03-26 18:11:10  [ main:0 ] - [ DEBUG ]  SpringJUnit4ClassRunner constructor called with [class com.afeiluo.springboot.ImportSelectorTests]
2020-03-26 18:11:10  [ main:4 ] - [ DEBUG ]  Instantiating CacheAwareContextLoaderDelegate from class [org.springframework.test.context.cache.DefaultCacheAwareContextLoaderDelegate]
2020-03-26 18:11:10  [ main:15 ] - [ DEBUG ]  Found 'spring.properties' file in local classpath
2020-03-26 18:11:10  [ main:20 ] - [ DEBUG ]  Instantiating BootstrapContext using constructor [public org.springframework.test.context.support.DefaultBootstrapContext(java.lang.Class,org.springframework.test.context.CacheAwareContextLoaderDelegate)]
2020-03-26 18:11:10  [ main:50 ] - [ DEBUG ]  Instantiating TestContextBootstrapper for test class [com.afeiluo.springboot.ImportSelectorTests] from class [org.springframework.boot.test.context.SpringBootTestContextBootstrapper]
2020-03-26 18:11:10  [ main:73 ] - [ TRACE ]  Resolving ContextLoader for context configuration attributes [ContextConfigurationAttributes@20322d26 declaringClass = 'com.afeiluo.springboot.ImportSelectorTests', classes = '{}', locations = '{}', inheritLocations = false, initializers = '{}', inheritInitializers = true, name = [null], contextLoaderClass = 'org.springframework.test.context.ContextLoader']
2020-03-26 18:11:10  [ main:78 ] - [ TRACE ]  Using ContextLoader class [org.springframework.boot.test.context.SpringBootContextLoader] for test class [com.afeiluo.springboot.ImportSelectorTests]
2020-03-26 18:11:10  [ main:83 ] - [ INFO ]  Neither @ContextConfiguration nor @ContextHierarchy found for test class [com.afeiluo.springboot.ImportSelectorTests], using SpringBootContextLoader
2020-03-26 18:11:10  [ main:84 ] - [ TRACE ]  Resolving ContextLoader for context configuration attributes [ContextConfigurationAttributes@20322d26 declaringClass = 'com.afeiluo.springboot.ImportSelectorTests', classes = '{}', locations = '{}', inheritLocations = false, initializers = '{}', inheritInitializers = true, name = [null], contextLoaderClass = 'org.springframework.test.context.ContextLoader']
2020-03-26 18:11:10  [ main:85 ] - [ TRACE ]  Using ContextLoader class [org.springframework.boot.test.context.SpringBootContextLoader] for test class [com.afeiluo.springboot.ImportSelectorTests]
2020-03-26 18:11:10  [ main:85 ] - [ TRACE ]  Processing locations and classes for context configuration attributes [ContextConfigurationAttributes@20322d26 declaringClass = 'com.afeiluo.springboot.ImportSelectorTests', classes = '{}', locations = '{}', inheritLocations = false, initializers = '{}', inheritInitializers = true, name = [null], contextLoaderClass = 'org.springframework.test.context.ContextLoader']
2020-03-26 18:11:10  [ main:94 ] - [ DEBUG ]  Did not detect default resource location for test class [com.afeiluo.springboot.ImportSelectorTests]: class path resource [com/afeiluo/springboot/ImportSelectorTests-context.xml] does not exist
2020-03-26 18:11:10  [ main:95 ] - [ DEBUG ]  Did not detect default resource location for test class [com.afeiluo.springboot.ImportSelectorTests]: class path resource [com/afeiluo/springboot/ImportSelectorTestsContext.groovy] does not exist
2020-03-26 18:11:10  [ main:95 ] - [ INFO ]  Could not detect default resource locations for test class [com.afeiluo.springboot.ImportSelectorTests]: no resource found for suffixes {-context.xml, Context.groovy}.
2020-03-26 18:11:10  [ main:97 ] - [ INFO ]  Could not detect default configuration classes for test class [com.afeiluo.springboot.ImportSelectorTests]: ImportSelectorTests does not declare any static, non-private, non-final, nested classes annotated with @Configuration.
2020-03-26 18:11:10  [ main:120 ] - [ TRACE ]  Loaded [org.springframework.test.context.ContextCustomizerFactory] names: [org.springframework.boot.test.context.ImportsContextCustomizerFactory, org.springframework.boot.test.context.filter.ExcludeFilterContextCustomizerFactory, org.springframework.boot.test.json.DuplicateJsonObjectContextCustomizerFactory, org.springframework.boot.test.mock.mockito.MockitoContextCustomizerFactory, org.springframework.boot.test.web.client.TestRestTemplateContextCustomizerFactory, org.springframework.boot.test.web.reactive.server.WebTestClientContextCustomizerFactory, org.springframework.boot.test.autoconfigure.OverrideAutoConfigurationContextCustomizerFactory, org.springframework.boot.test.autoconfigure.filter.TypeExcludeFiltersContextCustomizerFactory, org.springframework.boot.test.autoconfigure.properties.PropertyMappingContextCustomizerFactory, org.springframework.boot.test.autoconfigure.web.servlet.WebDriverContextCustomizerFactory, org.springframework.test.context.web.socket.MockServerContainerContextCustomizerFactory]
2020-03-26 18:11:10  [ main:185 ] - [ TRACE ]  Processing context initializers for configuration attributes [ContextConfigurationAttributes@20322d26 declaringClass = 'com.afeiluo.springboot.ImportSelectorTests', classes = '{}', locations = '{}', inheritLocations = false, initializers = '{}', inheritInitializers = true, name = [null], contextLoaderClass = 'org.springframework.test.context.ContextLoader']
2020-03-26 18:11:10  [ main:187 ] - [ DEBUG ]  Could not find an 'annotation declaring class' for annotation type [org.springframework.test.context.ActiveProfiles] and class [com.afeiluo.springboot.ImportSelectorTests]
2020-03-26 18:11:10  [ main:237 ] - [ TRACE ]  Resolved classpath location [com/afeiluo/springboot/] to resources [URL [file:/Users/qiaolinfei/Documents/workspace/iris/target/test-classes/com/afeiluo/springboot/], URL [file:/Users/qiaolinfei/Documents/workspace/iris/target/classes/com/afeiluo/springboot/]]
2020-03-26 18:11:10  [ main:237 ] - [ TRACE ]  Looking for matching resources in directory tree [/Users/qiaolinfei/Documents/workspace/iris/target/test-classes/com/afeiluo/springboot]
2020-03-26 18:11:10  [ main:238 ] - [ TRACE ]  Searching directory [/Users/qiaolinfei/Documents/workspace/iris/target/test-classes/com/afeiluo/springboot] for files matching pattern [/Users/qiaolinfei/Documents/workspace/iris/target/test-classes/com/afeiluo/springboot/*.class]
2020-03-26 18:11:10  [ main:267 ] - [ TRACE ]  Looking for matching resources in directory tree [/Users/qiaolinfei/Documents/workspace/iris/target/classes/com/afeiluo/springboot]
2020-03-26 18:11:10  [ main:267 ] - [ TRACE ]  Searching directory [/Users/qiaolinfei/Documents/workspace/iris/target/classes/com/afeiluo/springboot] for files matching pattern [/Users/qiaolinfei/Documents/workspace/iris/target/classes/com/afeiluo/springboot/*.class]
2020-03-26 18:11:10  [ main:269 ] - [ TRACE ]  Resolved location pattern [classpath*:com/afeiluo/springboot/*.class] to resources [file [/Users/qiaolinfei/Documents/workspace/iris/target/test-classes/com/afeiluo/springboot/ImportSelectorTests.class], file [/Users/qiaolinfei/Documents/workspace/iris/target/classes/com/afeiluo/springboot/ImportConfig.class], file [/Users/qiaolinfei/Documents/workspace/iris/target/classes/com/afeiluo/springboot/ItpscSelector.class], file [/Users/qiaolinfei/Documents/workspace/iris/target/classes/com/afeiluo/springboot/User.class]]
2020-03-26 18:11:10  [ main:269 ] - [ TRACE ]  Scanning file [/Users/qiaolinfei/Documents/workspace/iris/target/test-classes/com/afeiluo/springboot/ImportSelectorTests.class]
2020-03-26 18:11:10  [ main:339 ] - [ TRACE ]  Ignored because not matching any filter: file [/Users/qiaolinfei/Documents/workspace/iris/target/test-classes/com/afeiluo/springboot/ImportSelectorTests.class]
2020-03-26 18:11:10  [ main:339 ] - [ TRACE ]  Scanning file [/Users/qiaolinfei/Documents/workspace/iris/target/classes/com/afeiluo/springboot/ImportConfig.class]
2020-03-26 18:11:10  [ main:344 ] - [ TRACE ]  Ignored because not matching any filter: file [/Users/qiaolinfei/Documents/workspace/iris/target/classes/com/afeiluo/springboot/ImportConfig.class]
2020-03-26 18:11:10  [ main:345 ] - [ TRACE ]  Scanning file [/Users/qiaolinfei/Documents/workspace/iris/target/classes/com/afeiluo/springboot/ItpscSelector.class]
2020-03-26 18:11:10  [ main:346 ] - [ TRACE ]  Ignored because not matching any filter: file [/Users/qiaolinfei/Documents/workspace/iris/target/classes/com/afeiluo/springboot/ItpscSelector.class]
2020-03-26 18:11:10  [ main:346 ] - [ TRACE ]  Scanning file [/Users/qiaolinfei/Documents/workspace/iris/target/classes/com/afeiluo/springboot/User.class]
2020-03-26 18:11:10  [ main:347 ] - [ TRACE ]  Ignored because not matching any filter: file [/Users/qiaolinfei/Documents/workspace/iris/target/classes/com/afeiluo/springboot/User.class]
2020-03-26 18:11:10  [ main:348 ] - [ TRACE ]  Resolved classpath location [com/afeiluo/] to resources [URL [file:/Users/qiaolinfei/Documents/workspace/iris/target/test-classes/com/afeiluo/], URL [file:/Users/qiaolinfei/Documents/workspace/iris/target/classes/com/afeiluo/]]
2020-03-26 18:11:10  [ main:348 ] - [ TRACE ]  Looking for matching resources in directory tree [/Users/qiaolinfei/Documents/workspace/iris/target/test-classes/com/afeiluo]
2020-03-26 18:11:10  [ main:349 ] - [ TRACE ]  Searching directory [/Users/qiaolinfei/Documents/workspace/iris/target/test-classes/com/afeiluo] for files matching pattern [/Users/qiaolinfei/Documents/workspace/iris/target/test-classes/com/afeiluo/*.class]
2020-03-26 18:11:10  [ main:351 ] - [ TRACE ]  Looking for matching resources in directory tree [/Users/qiaolinfei/Documents/workspace/iris/target/classes/com/afeiluo]
2020-03-26 18:11:10  [ main:351 ] - [ TRACE ]  Searching directory [/Users/qiaolinfei/Documents/workspace/iris/target/classes/com/afeiluo] for files matching pattern [/Users/qiaolinfei/Documents/workspace/iris/target/classes/com/afeiluo/*.class]
2020-03-26 18:11:10  [ main:362 ] - [ TRACE ]  Resolved location pattern [classpath*:com/afeiluo/*.class] to resources [file [/Users/qiaolinfei/Documents/workspace/iris/target/test-classes/com/afeiluo/ATask.class], file [/Users/qiaolinfei/Documents/workspace/iris/target/test-classes/com/afeiluo/AppTest.class], file [/Users/qiaolinfei/Documents/workspace/iris/target/test-classes/com/afeiluo/SpringTest.class], file [/Users/qiaolinfei/Documents/workspace/iris/target/test-classes/com/afeiluo/ThreadA.class], file [/Users/qiaolinfei/Documents/workspace/iris/target/classes/com/afeiluo/App$1.class], file [/Users/qiaolinfei/Documents/workspace/iris/target/classes/com/afeiluo/App$2.class], file [/Users/qiaolinfei/Documents/workspace/iris/target/classes/com/afeiluo/App.class]]
2020-03-26 18:11:10  [ main:362 ] - [ TRACE ]  Scanning file [/Users/qiaolinfei/Documents/workspace/iris/target/test-classes/com/afeiluo/ATask.class]
2020-03-26 18:11:10  [ main:363 ] - [ TRACE ]  Ignored because not matching any filter: file [/Users/qiaolinfei/Documents/workspace/iris/target/test-classes/com/afeiluo/ATask.class]
2020-03-26 18:11:10  [ main:364 ] - [ TRACE ]  Scanning file [/Users/qiaolinfei/Documents/workspace/iris/target/test-classes/com/afeiluo/AppTest.class]
2020-03-26 18:11:10  [ main:365 ] - [ TRACE ]  Ignored because not matching any filter: file [/Users/qiaolinfei/Documents/workspace/iris/target/test-classes/com/afeiluo/AppTest.class]
2020-03-26 18:11:10  [ main:365 ] - [ TRACE ]  Scanning file [/Users/qiaolinfei/Documents/workspace/iris/target/test-classes/com/afeiluo/SpringTest.class]
2020-03-26 18:11:10  [ main:368 ] - [ TRACE ]  Ignored because not matching any filter: file [/Users/qiaolinfei/Documents/workspace/iris/target/test-classes/com/afeiluo/SpringTest.class]
2020-03-26 18:11:10  [ main:368 ] - [ TRACE ]  Scanning file [/Users/qiaolinfei/Documents/workspace/iris/target/test-classes/com/afeiluo/ThreadA.class]
2020-03-26 18:11:10  [ main:369 ] - [ TRACE ]  Ignored because not matching any filter: file [/Users/qiaolinfei/Documents/workspace/iris/target/test-classes/com/afeiluo/ThreadA.class]
2020-03-26 18:11:10  [ main:369 ] - [ TRACE ]  Scanning file [/Users/qiaolinfei/Documents/workspace/iris/target/classes/com/afeiluo/App$1.class]
2020-03-26 18:11:10  [ main:370 ] - [ TRACE ]  Ignored because not matching any filter: file [/Users/qiaolinfei/Documents/workspace/iris/target/classes/com/afeiluo/App$1.class]
2020-03-26 18:11:10  [ main:370 ] - [ TRACE ]  Scanning file [/Users/qiaolinfei/Documents/workspace/iris/target/classes/com/afeiluo/App$2.class]
2020-03-26 18:11:10  [ main:370 ] - [ TRACE ]  Ignored because not matching any filter: file [/Users/qiaolinfei/Documents/workspace/iris/target/classes/com/afeiluo/App$2.class]
2020-03-26 18:11:10  [ main:370 ] - [ TRACE ]  Scanning file [/Users/qiaolinfei/Documents/workspace/iris/target/classes/com/afeiluo/App.class]
2020-03-26 18:11:10  [ main:371 ] - [ TRACE ]  Ignored because not matching any filter: file [/Users/qiaolinfei/Documents/workspace/iris/target/classes/com/afeiluo/App.class]
2020-03-26 18:11:10  [ main:373 ] - [ TRACE ]  Resolved classpath location [com/] to resources [URL [jar:file:/System/Library/Java/Extensions/MRJToolkit.jar!/com/], URL [jar:file:/Applications/IntelliJ%20IDEA%20CE.app/Contents/lib/idea_rt.jar!/com/], URL [jar:file:/Applications/IntelliJ%20IDEA%20CE.app/Contents/plugins/junit/lib/junit-rt.jar!/com/], URL [jar:file:/Library/Java/JavaVirtualMachines/jdk1.8.0_241.jdk/Contents/Home/jre/lib/deploy.jar!/com/], URL [jar:file:/Library/Java/JavaVirtualMachines/jdk1.8.0_241.jdk/Contents/Home/jre/lib/javaws.jar!/com/], URL [jar:file:/Library/Java/JavaVirtualMachines/jdk1.8.0_241.jdk/Contents/Home/jre/lib/plugin.jar!/com/], URL [jar:file:/Library/Java/JavaVirtualMachines/jdk1.8.0_241.jdk/Contents/Home/lib/ant-javafx.jar!/com/], URL [jar:file:/Library/Java/JavaVirtualMachines/jdk1.8.0_241.jdk/Contents/Home/lib/javafx-mx.jar!/com/], URL [jar:file:/Library/Java/JavaVirtualMachines/jdk1.8.0_241.jdk/Contents/Home/lib/sa-jdi.jar!/com/], URL [file:/Users/qiaolinfei/Documents/workspace/iris/target/test-classes/com/], URL [file:/Users/qiaolinfei/Documents/workspace/iris/target/classes/com/], URL [jar:file:/Users/qiaolinfei/.m2/repository/com/facebook/swift/swift-generator/0.12.0/swift-generator-0.12.0.jar!/com/], URL [jar:file:/Users/qiaolinfei/.m2/repository/com/facebook/swift/swift-annotations/0.12.0/swift-annotations-0.12.0.jar!/com/], URL [jar:file:/Users/qiaolinfei/.m2/repository/com/facebook/swift/swift-idl-parser/0.12.0/swift-idl-parser-0.12.0.jar!/com/], URL [jar:file:/Users/qiaolinfei/.m2/repository/com/facebook/swift/swift-codec/0.12.0/swift-codec-0.12.0.jar!/com/], URL [jar:file:/Users/qiaolinfei/.m2/repository/com/thoughtworks/paranamer/paranamer/2.5.2/paranamer-2.5.2.jar!/com/], URL [jar:file:/Users/qiaolinfei/.m2/repository/com/facebook/swift/swift-service/0.12.0/swift-service-0.12.0.jar!/com/], URL [jar:file:/Users/qiaolinfei/.m2/repository/com/facebook/nifty/nifty-client/0.12.0/nifty-client-0.12.0.jar!/com/], URL [jar:file:/Users/qiaolinfei/.m2/repository/com/google/inject/guice/3.0/guice-3.0.jar!/com/], URL [jar:file:/Users/qiaolinfei/.m2/repository/com/facebook/nifty/nifty-core/0.12.0/nifty-core-0.12.0.jar!/com/], URL [jar:file:/Users/qiaolinfei/.m2/repository/com/google/inject/extensions/guice-multibindings/3.0/guice-multibindings-3.0.jar!/com/], URL [jar:file:/Users/qiaolinfei/.m2/repository/com/fasterxml/jackson/core/jackson-annotations/2.1.4/jackson-annotations-2.1.4.jar!/com/], URL [jar:file:/Users/qiaolinfei/.m2/repository/com/esotericsoftware/reflectasm/1.10.0/reflectasm-1.10.0.jar!/com/], URL [jar:file:/Users/qiaolinfei/.m2/repository/com/google/guava/guava/19.0/guava-19.0.jar!/com/], URL [jar:file:/Users/qiaolinfei/.m2/repository/com/fasterxml/jackson/core/jackson-databind/2.9.9/jackson-databind-2.9.9.jar!/com/], URL [jar:file:/Users/qiaolinfei/.m2/repository/com/fasterxml/jackson/core/jackson-core/2.9.9/jackson-core-2.9.9.jar!/com/], URL [jar:file:/Users/qiaolinfei/.m2/repository/com/fasterxml/jackson/datatype/jackson-datatype-jdk8/2.9.9/jackson-datatype-jdk8-2.9.9.jar!/com/], URL [jar:file:/Users/qiaolinfei/.m2/repository/com/fasterxml/jackson/datatype/jackson-datatype-jsr310/2.9.9/jackson-datatype-jsr310-2.9.9.jar!/com/], URL [jar:file:/Users/qiaolinfei/.m2/repository/com/fasterxml/jackson/module/jackson-module-parameter-names/2.9.9/jackson-module-parameter-names-2.9.9.jar!/com/], URL [jar:file:/Users/qiaolinfei/.m2/repository/com/fasterxml/classmate/1.3.4/classmate-1.3.4.jar!/com/], URL [jar:file:/Users/qiaolinfei/.m2/repository/com/jayway/jsonpath/json-path/2.4.0/json-path-2.4.0.jar!/com/], URL [jar:file:/Users/qiaolinfei/.m2/repository/org/mongodb/mongo-java-driver/3.8.2/mongo-java-driver-3.8.2.jar!/com/]]
2020-03-26 18:11:10  [ main:374 ] - [ TRACE ]  Looking for matching resources in jar file [file:/System/Library/Java/Extensions/MRJToolkit.jar]
2020-03-26 18:11:10  [ main:375 ] - [ TRACE ]  Looking for matching resources in jar file [file:/Applications/IntelliJ%20IDEA%20CE.app/Contents/lib/idea_rt.jar]
2020-03-26 18:11:10  [ main:376 ] - [ TRACE ]  Looking for matching resources in jar file [file:/Applications/IntelliJ%20IDEA%20CE.app/Contents/plugins/junit/lib/junit-rt.jar]
2020-03-26 18:11:10  [ main:381 ] - [ TRACE ]  Looking for matching resources in jar file [file:/Library/Java/JavaVirtualMachines/jdk1.8.0_241.jdk/Contents/Home/jre/lib/deploy.jar]
2020-03-26 18:11:10  [ main:401 ] - [ TRACE ]  Looking for matching resources in jar file [file:/Library/Java/JavaVirtualMachines/jdk1.8.0_241.jdk/Contents/Home/jre/lib/javaws.jar]
2020-03-26 18:11:10  [ main:405 ] - [ TRACE ]  Looking for matching resources in jar file [file:/Library/Java/JavaVirtualMachines/jdk1.8.0_241.jdk/Contents/Home/jre/lib/plugin.jar]
2020-03-26 18:11:10  [ main:407 ] - [ TRACE ]  Looking for matching resources in jar file [file:/Library/Java/JavaVirtualMachines/jdk1.8.0_241.jdk/Contents/Home/lib/ant-javafx.jar]
2020-03-26 18:11:10  [ main:412 ] - [ TRACE ]  Looking for matching resources in jar file [file:/Library/Java/JavaVirtualMachines/jdk1.8.0_241.jdk/Contents/Home/lib/javafx-mx.jar]
2020-03-26 18:11:10  [ main:412 ] - [ TRACE ]  Looking for matching resources in jar file [file:/Library/Java/JavaVirtualMachines/jdk1.8.0_241.jdk/Contents/Home/lib/sa-jdi.jar]
2020-03-26 18:11:10  [ main:418 ] - [ TRACE ]  Looking for matching resources in directory tree [/Users/qiaolinfei/Documents/workspace/iris/target/test-classes/com]
2020-03-26 18:11:10  [ main:419 ] - [ TRACE ]  Searching directory [/Users/qiaolinfei/Documents/workspace/iris/target/test-classes/com] for files matching pattern [/Users/qiaolinfei/Documents/workspace/iris/target/test-classes/com/*.class]
2020-03-26 18:11:10  [ main:419 ] - [ TRACE ]  Looking for matching resources in directory tree [/Users/qiaolinfei/Documents/workspace/iris/target/classes/com]
2020-03-26 18:11:10  [ main:419 ] - [ TRACE ]  Searching directory [/Users/qiaolinfei/Documents/workspace/iris/target/classes/com] for files matching pattern [/Users/qiaolinfei/Documents/workspace/iris/target/classes/com/*.class]
2020-03-26 18:11:10  [ main:420 ] - [ TRACE ]  Looking for matching resources in jar file [file:/Users/qiaolinfei/.m2/repository/com/facebook/swift/swift-generator/0.12.0/swift-generator-0.12.0.jar]
2020-03-26 18:11:10  [ main:420 ] - [ TRACE ]  Looking for matching resources in jar file [file:/Users/qiaolinfei/.m2/repository/com/facebook/swift/swift-annotations/0.12.0/swift-annotations-0.12.0.jar]
2020-03-26 18:11:10  [ main:420 ] - [ TRACE ]  Looking for matching resources in jar file [file:/Users/qiaolinfei/.m2/repository/com/facebook/swift/swift-idl-parser/0.12.0/swift-idl-parser-0.12.0.jar]
2020-03-26 18:11:10  [ main:422 ] - [ TRACE ]  Looking for matching resources in jar file [file:/Users/qiaolinfei/.m2/repository/com/facebook/swift/swift-codec/0.12.0/swift-codec-0.12.0.jar]
2020-03-26 18:11:10  [ main:423 ] - [ TRACE ]  Looking for matching resources in jar file [file:/Users/qiaolinfei/.m2/repository/com/thoughtworks/paranamer/paranamer/2.5.2/paranamer-2.5.2.jar]
2020-03-26 18:11:10  [ main:424 ] - [ TRACE ]  Looking for matching resources in jar file [file:/Users/qiaolinfei/.m2/repository/com/facebook/swift/swift-service/0.12.0/swift-service-0.12.0.jar]
2020-03-26 18:11:10  [ main:424 ] - [ TRACE ]  Looking for matching resources in jar file [file:/Users/qiaolinfei/.m2/repository/com/facebook/nifty/nifty-client/0.12.0/nifty-client-0.12.0.jar]
2020-03-26 18:11:10  [ main:427 ] - [ TRACE ]  Looking for matching resources in jar file [file:/Users/qiaolinfei/.m2/repository/com/google/inject/guice/3.0/guice-3.0.jar]
2020-03-26 18:11:10  [ main:432 ] - [ TRACE ]  Looking for matching resources in jar file [file:/Users/qiaolinfei/.m2/repository/com/facebook/nifty/nifty-core/0.12.0/nifty-core-0.12.0.jar]
2020-03-26 18:11:10  [ main:433 ] - [ TRACE ]  Looking for matching resources in jar file [file:/Users/qiaolinfei/.m2/repository/com/google/inject/extensions/guice-multibindings/3.0/guice-multibindings-3.0.jar]
2020-03-26 18:11:10  [ main:433 ] - [ TRACE ]  Looking for matching resources in jar file [file:/Users/qiaolinfei/.m2/repository/com/fasterxml/jackson/core/jackson-annotations/2.1.4/jackson-annotations-2.1.4.jar]
2020-03-26 18:11:10  [ main:433 ] - [ TRACE ]  Looking for matching resources in jar file [file:/Users/qiaolinfei/.m2/repository/com/esotericsoftware/reflectasm/1.10.0/reflectasm-1.10.0.jar]
2020-03-26 18:11:10  [ main:434 ] - [ TRACE ]  Looking for matching resources in jar file [file:/Users/qiaolinfei/.m2/repository/com/google/guava/guava/19.0/guava-19.0.jar]
2020-03-26 18:11:10  [ main:442 ] - [ TRACE ]  Looking for matching resources in jar file [file:/Users/qiaolinfei/.m2/repository/com/fasterxml/jackson/core/jackson-databind/2.9.9/jackson-databind-2.9.9.jar]
2020-03-26 18:11:10  [ main:447 ] - [ TRACE ]  Looking for matching resources in jar file [file:/Users/qiaolinfei/.m2/repository/com/fasterxml/jackson/core/jackson-core/2.9.9/jackson-core-2.9.9.jar]
2020-03-26 18:11:10  [ main:448 ] - [ TRACE ]  Looking for matching resources in jar file [file:/Users/qiaolinfei/.m2/repository/com/fasterxml/jackson/datatype/jackson-datatype-jdk8/2.9.9/jackson-datatype-jdk8-2.9.9.jar]
2020-03-26 18:11:10  [ main:448 ] - [ TRACE ]  Looking for matching resources in jar file [file:/Users/qiaolinfei/.m2/repository/com/fasterxml/jackson/datatype/jackson-datatype-jsr310/2.9.9/jackson-datatype-jsr310-2.9.9.jar]
2020-03-26 18:11:10  [ main:449 ] - [ TRACE ]  Looking for matching resources in jar file [file:/Users/qiaolinfei/.m2/repository/com/fasterxml/jackson/module/jackson-module-parameter-names/2.9.9/jackson-module-parameter-names-2.9.9.jar]
2020-03-26 18:11:10  [ main:449 ] - [ TRACE ]  Looking for matching resources in jar file [file:/Users/qiaolinfei/.m2/repository/com/fasterxml/classmate/1.3.4/classmate-1.3.4.jar]
2020-03-26 18:11:10  [ main:449 ] - [ TRACE ]  Looking for matching resources in jar file [file:/Users/qiaolinfei/.m2/repository/com/jayway/jsonpath/json-path/2.4.0/json-path-2.4.0.jar]
2020-03-26 18:11:10  [ main:451 ] - [ TRACE ]  Looking for matching resources in jar file [file:/Users/qiaolinfei/.m2/repository/org/mongodb/mongo-java-driver/3.8.2/mongo-java-driver-3.8.2.jar]
2020-03-26 18:11:10  [ main:462 ] - [ TRACE ]  Resolved location pattern [classpath*:com/*.class] to resources []
2020-03-26 18:15:05  [ main:0 ] - [ DEBUG ]  SpringJUnit4ClassRunner constructor called with [class com.afeiluo.springboot.ImportSelectorTests]
2020-03-26 18:15:05  [ main:4 ] - [ DEBUG ]  Instantiating CacheAwareContextLoaderDelegate from class [org.springframework.test.context.cache.DefaultCacheAwareContextLoaderDelegate]
2020-03-26 18:15:05  [ main:12 ] - [ DEBUG ]  Found 'spring.properties' file in local classpath
2020-03-26 18:15:05  [ main:15 ] - [ DEBUG ]  Instantiating BootstrapContext using constructor [public org.springframework.test.context.support.DefaultBootstrapContext(java.lang.Class,org.springframework.test.context.CacheAwareContextLoaderDelegate)]
2020-03-26 18:15:05  [ main:37 ] - [ DEBUG ]  Instantiating TestContextBootstrapper for test class [com.afeiluo.springboot.ImportSelectorTests] from class [org.springframework.boot.test.context.SpringBootTestContextBootstrapper]
2020-03-26 18:15:05  [ main:47 ] - [ TRACE ]  Resolving ContextLoader for context configuration attributes [ContextConfigurationAttributes@192b07fd declaringClass = 'com.afeiluo.springboot.ImportSelectorTests', classes = '{class com.afeiluo.springboot.TestApplication}', locations = '{}', inheritLocations = false, initializers = '{}', inheritInitializers = true, name = [null], contextLoaderClass = 'org.springframework.test.context.ContextLoader']
2020-03-26 18:15:05  [ main:49 ] - [ TRACE ]  Using ContextLoader class [org.springframework.boot.test.context.SpringBootContextLoader] for test class [com.afeiluo.springboot.ImportSelectorTests]
2020-03-26 18:15:05  [ main:52 ] - [ INFO ]  Neither @ContextConfiguration nor @ContextHierarchy found for test class [com.afeiluo.springboot.ImportSelectorTests], using SpringBootContextLoader
2020-03-26 18:15:05  [ main:52 ] - [ TRACE ]  Resolving ContextLoader for context configuration attributes [ContextConfigurationAttributes@192b07fd declaringClass = 'com.afeiluo.springboot.ImportSelectorTests', classes = '{class com.afeiluo.springboot.TestApplication, class com.afeiluo.springboot.TestApplication}', locations = '{}', inheritLocations = false, initializers = '{}', inheritInitializers = true, name = [null], contextLoaderClass = 'org.springframework.test.context.ContextLoader']
2020-03-26 18:15:05  [ main:52 ] - [ TRACE ]  Using ContextLoader class [org.springframework.boot.test.context.SpringBootContextLoader] for test class [com.afeiluo.springboot.ImportSelectorTests]
2020-03-26 18:15:05  [ main:53 ] - [ TRACE ]  Processing locations and classes for context configuration attributes [ContextConfigurationAttributes@192b07fd declaringClass = 'com.afeiluo.springboot.ImportSelectorTests', classes = '{class com.afeiluo.springboot.TestApplication, class com.afeiluo.springboot.TestApplication}', locations = '{}', inheritLocations = false, initializers = '{}', inheritInitializers = true, name = [null], contextLoaderClass = 'org.springframework.test.context.ContextLoader']
2020-03-26 18:15:05  [ main:57 ] - [ DEBUG ]  Did not detect default resource location for test class [com.afeiluo.springboot.ImportSelectorTests]: class path resource [com/afeiluo/springboot/ImportSelectorTests-context.xml] does not exist
2020-03-26 18:15:05  [ main:60 ] - [ DEBUG ]  Did not detect default resource location for test class [com.afeiluo.springboot.ImportSelectorTests]: class path resource [com/afeiluo/springboot/ImportSelectorTestsContext.groovy] does not exist
2020-03-26 18:15:05  [ main:61 ] - [ INFO ]  Could not detect default resource locations for test class [com.afeiluo.springboot.ImportSelectorTests]: no resource found for suffixes {-context.xml, Context.groovy}.
2020-03-26 18:15:05  [ main:73 ] - [ TRACE ]  Loaded [org.springframework.test.context.ContextCustomizerFactory] names: [org.springframework.boot.test.context.ImportsContextCustomizerFactory, org.springframework.boot.test.context.filter.ExcludeFilterContextCustomizerFactory, org.springframework.boot.test.json.DuplicateJsonObjectContextCustomizerFactory, org.springframework.boot.test.mock.mockito.MockitoContextCustomizerFactory, org.springframework.boot.test.web.client.TestRestTemplateContextCustomizerFactory, org.springframework.boot.test.web.reactive.server.WebTestClientContextCustomizerFactory, org.springframework.boot.test.autoconfigure.OverrideAutoConfigurationContextCustomizerFactory, org.springframework.boot.test.autoconfigure.filter.TypeExcludeFiltersContextCustomizerFactory, org.springframework.boot.test.autoconfigure.properties.PropertyMappingContextCustomizerFactory, org.springframework.boot.test.autoconfigure.web.servlet.WebDriverContextCustomizerFactory, org.springframework.test.context.web.socket.MockServerContainerContextCustomizerFactory]
2020-03-26 18:15:05  [ main:110 ] - [ TRACE ]  Processing context initializers for configuration attributes [ContextConfigurationAttributes@192b07fd declaringClass = 'com.afeiluo.springboot.ImportSelectorTests', classes = '{class com.afeiluo.springboot.TestApplication, class com.afeiluo.springboot.TestApplication}', locations = '{}', inheritLocations = false, initializers = '{}', inheritInitializers = true, name = [null], contextLoaderClass = 'org.springframework.test.context.ContextLoader']
2020-03-26 18:15:05  [ main:111 ] - [ DEBUG ]  Could not find an 'annotation declaring class' for annotation type [org.springframework.test.context.ActiveProfiles] and class [com.afeiluo.springboot.ImportSelectorTests]
2020-03-26 18:15:05  [ main:268 ] - [ DEBUG ]  @TestExecutionListeners is not present for class [com.afeiluo.springboot.ImportSelectorTests]: using defaults.
2020-03-26 18:15:05  [ main:269 ] - [ INFO ]  Loaded default TestExecutionListener class names from location [META-INF/spring.factories]: [org.springframework.boot.test.mock.mockito.MockitoTestExecutionListener, org.springframework.boot.test.mock.mockito.ResetMocksTestExecutionListener, org.springframework.boot.test.autoconfigure.restdocs.RestDocsTestExecutionListener, org.springframework.boot.test.autoconfigure.web.client.MockRestServiceServerResetTestExecutionListener, org.springframework.boot.test.autoconfigure.web.servlet.MockMvcPrintOnlyOnFailureTestExecutionListener, org.springframework.boot.test.autoconfigure.web.servlet.WebDriverTestExecutionListener, org.springframework.test.context.web.ServletTestExecutionListener, org.springframework.test.context.support.DirtiesContextBeforeModesTestExecutionListener, org.springframework.test.context.support.DependencyInjectionTestExecutionListener, org.springframework.test.context.support.DirtiesContextTestExecutionListener, org.springframework.test.context.transaction.TransactionalTestExecutionListener, org.springframework.test.context.jdbc.SqlScriptsTestExecutionListener]
2020-03-26 18:15:05  [ main:276 ] - [ TRACE ]  Loaded [org.springframework.boot.test.context.DefaultTestExecutionListenersPostProcessor] names: [org.springframework.boot.test.autoconfigure.SpringBootDependencyInjectionTestExecutionListener$PostProcessor]
2020-03-26 18:15:05  [ main:289 ] - [ INFO ]  Using TestExecutionListeners: [org.springframework.test.context.web.ServletTestExecutionListener@6e0dec4a, org.springframework.test.context.support.DirtiesContextBeforeModesTestExecutionListener@96def03, org.springframework.boot.test.mock.mockito.MockitoTestExecutionListener@5ccddd20, org.springframework.boot.test.autoconfigure.SpringBootDependencyInjectionTestExecutionListener@1ed1993a, org.springframework.test.context.support.DirtiesContextTestExecutionListener@1f3f4916, org.springframework.test.context.transaction.TransactionalTestExecutionListener@794cb805, org.springframework.test.context.jdbc.SqlScriptsTestExecutionListener@4b5a5ed1, org.springframework.boot.test.mock.mockito.ResetMocksTestExecutionListener@59d016c9, org.springframework.boot.test.autoconfigure.restdocs.RestDocsTestExecutionListener@3cc2931c, org.springframework.boot.test.autoconfigure.web.client.MockRestServiceServerResetTestExecutionListener@20d28811, org.springframework.boot.test.autoconfigure.web.servlet.MockMvcPrintOnlyOnFailureTestExecutionListener@3967e60c, org.springframework.boot.test.autoconfigure.web.servlet.WebDriverTestExecutionListener@60d8c9b7]
2020-03-26 18:15:05  [ main:289 ] - [ TRACE ]  Registering TestExecutionListener: org.springframework.test.context.web.ServletTestExecutionListener@6e0dec4a
2020-03-26 18:15:05  [ main:289 ] - [ TRACE ]  Registering TestExecutionListener: org.springframework.test.context.support.DirtiesContextBeforeModesTestExecutionListener@96def03
2020-03-26 18:15:05  [ main:289 ] - [ TRACE ]  Registering TestExecutionListener: org.springframework.boot.test.mock.mockito.MockitoTestExecutionListener@5ccddd20
2020-03-26 18:15:05  [ main:289 ] - [ TRACE ]  Registering TestExecutionListener: org.springframework.boot.test.autoconfigure.SpringBootDependencyInjectionTestExecutionListener@1ed1993a
2020-03-26 18:15:05  [ main:289 ] - [ TRACE ]  Registering TestExecutionListener: org.springframework.test.context.support.DirtiesContextTestExecutionListener@1f3f4916
2020-03-26 18:15:05  [ main:290 ] - [ TRACE ]  Registering TestExecutionListener: org.springframework.test.context.transaction.TransactionalTestExecutionListener@794cb805
2020-03-26 18:15:05  [ main:290 ] - [ TRACE ]  Registering TestExecutionListener: org.springframework.test.context.jdbc.SqlScriptsTestExecutionListener@4b5a5ed1
2020-03-26 18:15:05  [ main:290 ] - [ TRACE ]  Registering TestExecutionListener: org.springframework.boot.test.mock.mockito.ResetMocksTestExecutionListener@59d016c9
2020-03-26 18:15:05  [ main:290 ] - [ TRACE ]  Registering TestExecutionListener: org.springframework.boot.test.autoconfigure.restdocs.RestDocsTestExecutionListener@3cc2931c
2020-03-26 18:15:05  [ main:290 ] - [ TRACE ]  Registering TestExecutionListener: org.springframework.boot.test.autoconfigure.web.client.MockRestServiceServerResetTestExecutionListener@20d28811
2020-03-26 18:15:05  [ main:290 ] - [ TRACE ]  Registering TestExecutionListener: org.springframework.boot.test.autoconfigure.web.servlet.MockMvcPrintOnlyOnFailureTestExecutionListener@3967e60c
2020-03-26 18:15:05  [ main:290 ] - [ TRACE ]  Registering TestExecutionListener: org.springframework.boot.test.autoconfigure.web.servlet.WebDriverTestExecutionListener@60d8c9b7
2020-03-26 18:15:05  [ main:292 ] - [ DEBUG ]  Retrieved @ProfileValueSourceConfiguration [null] for test class [com.afeiluo.springboot.ImportSelectorTests]
2020-03-26 18:15:05  [ main:292 ] - [ DEBUG ]  Retrieved ProfileValueSource type [class org.springframework.test.annotation.SystemProfileValueSource] for class [com.afeiluo.springboot.ImportSelectorTests]
2020-03-26 18:15:05  [ main:301 ] - [ DEBUG ]  Retrieved @ProfileValueSourceConfiguration [null] for test class [com.afeiluo.springboot.ImportSelectorTests]
2020-03-26 18:15:05  [ main:301 ] - [ DEBUG ]  Retrieved ProfileValueSource type [class org.springframework.test.annotation.SystemProfileValueSource] for class [com.afeiluo.springboot.ImportSelectorTests]
2020-03-26 18:15:05  [ main:302 ] - [ DEBUG ]  Retrieved @ProfileValueSourceConfiguration [null] for test class [com.afeiluo.springboot.ImportSelectorTests]
2020-03-26 18:15:05  [ main:303 ] - [ DEBUG ]  Retrieved ProfileValueSource type [class org.springframework.test.annotation.SystemProfileValueSource] for class [com.afeiluo.springboot.ImportSelectorTests]
2020-03-26 18:15:05  [ main:303 ] - [ DEBUG ]  Retrieved @ProfileValueSourceConfiguration [null] for test class [com.afeiluo.springboot.ImportSelectorTests]
2020-03-26 18:15:05  [ main:304 ] - [ DEBUG ]  Retrieved ProfileValueSource type [class org.springframework.test.annotation.SystemProfileValueSource] for class [com.afeiluo.springboot.ImportSelectorTests]
2020-03-26 18:15:05  [ main:305 ] - [ TRACE ]  beforeTestClass(): class [com.afeiluo.springboot.ImportSelectorTests]
2020-03-26 18:15:05  [ main:306 ] - [ DEBUG ]  Before test class: context [DefaultTestContext@be64738 testClass = ImportSelectorTests, testInstance = [null], testMethod = [null], testException = [null], mergedContextConfiguration = [WebMergedContextConfiguration@3ba9ad43 testClass = ImportSelectorTests, locations = '{}', classes = '{class com.afeiluo.springboot.TestApplication, class com.afeiluo.springboot.TestApplication}', contextInitializerClasses = '[]', activeProfiles = '{}', propertySourceLocations = '{}', propertySourceProperties = '{org.springframework.boot.test.context.SpringBootTestContextBootstrapper=true}', contextCustomizers = set[org.springframework.boot.test.context.filter.ExcludeFilterContextCustomizer@64729b1e, org.springframework.boot.test.json.DuplicateJsonObjectContextCustomizerFactory$DuplicateJsonObjectContextCustomizer@6895a785, org.springframework.boot.test.mock.mockito.MockitoContextCustomizer@0, org.springframework.boot.test.web.client.TestRestTemplateContextCustomizer@704a52ec, org.springframework.boot.test.autoconfigure.properties.PropertyMappingContextCustomizer@0, org.springframework.boot.test.autoconfigure.web.servlet.WebDriverContextCustomizerFactory$Customizer@80503], resourceBasePath = 'src/main/webapp', contextLoader = 'org.springframework.boot.test.context.SpringBootContextLoader', parent = [null]], attributes = map['org.springframework.test.context.web.ServletTestExecutionListener.activateListener' -> true]], class annotated with @DirtiesContext [false] with mode [null].
2020-03-26 18:15:05  [ main:307 ] - [ DEBUG ]  Retrieved @ProfileValueSourceConfiguration [null] for test class [com.afeiluo.springboot.ImportSelectorTests]
2020-03-26 18:15:05  [ main:307 ] - [ DEBUG ]  Retrieved ProfileValueSource type [class org.springframework.test.annotation.SystemProfileValueSource] for class [com.afeiluo.springboot.ImportSelectorTests]
2020-03-26 18:15:05  [ main:308 ] - [ TRACE ]  prepareTestInstance(): instance [com.afeiluo.springboot.ImportSelectorTests@418e7838]
2020-03-26 18:15:05  [ main:358 ] - [ DEBUG ]  Adding inlined properties to environment: {spring.jmx.enabled=false, org.springframework.boot.test.context.SpringBootTestContextBootstrapper=true, server.port=-1}
2020-03-26 18:15:05  [ main:411 ] - [ ERROR ]  Caught exception while allowing TestExecutionListener [org.springframework.test.context.web.ServletTestExecutionListener@6e0dec4a] to prepare test instance [com.afeiluo.springboot.ImportSelectorTests@418e7838]
java.lang.IllegalStateException: Failed to load ApplicationContext
	at org.springframework.test.context.cache.DefaultCacheAwareContextLoaderDelegate.loadContext(DefaultCacheAwareContextLoaderDelegate.java:125)
	at org.springframework.test.context.support.DefaultTestContext.getApplicationContext(DefaultTestContext.java:108)
	at org.springframework.test.context.web.ServletTestExecutionListener.setUpRequestContextIfNecessary(ServletTestExecutionListener.java:190)
	at org.springframework.test.context.web.ServletTestExecutionListener.prepareTestInstance(ServletTestExecutionListener.java:132)
	at org.springframework.test.context.TestContextManager.prepareTestInstance(TestContextManager.java:246)
	at org.springframework.test.context.junit4.SpringJUnit4ClassRunner.createTest(SpringJUnit4ClassRunner.java:227)
	at org.springframework.test.context.junit4.SpringJUnit4ClassRunner$1.runReflectiveCall(SpringJUnit4ClassRunner.java:289)
	at org.junit.internal.runners.model.ReflectiveCallable.run(ReflectiveCallable.java:12)
	at org.springframework.test.context.junit4.SpringJUnit4ClassRunner.methodBlock(SpringJUnit4ClassRunner.java:291)
	at org.springframework.test.context.junit4.SpringJUnit4ClassRunner.runChild(SpringJUnit4ClassRunner.java:246)
	at org.springframework.test.context.junit4.SpringJUnit4ClassRunner.runChild(SpringJUnit4ClassRunner.java:97)
	at org.junit.runners.ParentRunner$3.run(ParentRunner.java:290)
	at org.junit.runners.ParentRunner$1.schedule(ParentRunner.java:71)
	at org.junit.runners.ParentRunner.runChildren(ParentRunner.java:288)
	at org.junit.runners.ParentRunner.access$000(ParentRunner.java:58)
	at org.junit.runners.ParentRunner$2.evaluate(ParentRunner.java:268)
	at org.springframework.test.context.junit4.statements.RunBeforeTestClassCallbacks.evaluate(RunBeforeTestClassCallbacks.java:61)
	at org.springframework.test.context.junit4.statements.RunAfterTestClassCallbacks.evaluate(RunAfterTestClassCallbacks.java:70)
	at org.junit.runners.ParentRunner.run(ParentRunner.java:363)
	at org.springframework.test.context.junit4.SpringJUnit4ClassRunner.run(SpringJUnit4ClassRunner.java:190)
	at org.junit.runner.JUnitCore.run(JUnitCore.java:137)
	at com.intellij.junit4.JUnit4IdeaTestRunner.startRunnerWithArgs(JUnit4IdeaTestRunner.java:68)
	at com.intellij.rt.execution.junit.IdeaTestRunner$Repeater.startRunnerWithArgs(IdeaTestRunner.java:51)
	at com.intellij.rt.execution.junit.JUnitStarter.prepareStreamsAndStart(JUnitStarter.java:237)
	at com.intellij.rt.execution.junit.JUnitStarter.main(JUnitStarter.java:70)
Caused by: java.lang.IllegalArgumentException: LoggerFactory is not a Logback LoggerContext but Logback is on the classpath. Either remove Logback or the competing implementation (class org.slf4j.impl.Log4jLoggerFactory loaded from file:/Users/qiaolinfei/.m2/repository/org/slf4j/slf4j-log4j12/1.7.5/slf4j-log4j12-1.7.5.jar). If you are using WebLogic you will need to add 'org.slf4j' to prefer-application-packages in WEB-INF/weblogic.xml: org.slf4j.impl.Log4jLoggerFactory
	at org.springframework.util.Assert.instanceCheckFailed(Assert.java:655)
	at org.springframework.util.Assert.isInstanceOf(Assert.java:555)
	at org.springframework.boot.logging.logback.LogbackLoggingSystem.getLoggerContext(LogbackLoggingSystem.java:280)
	at org.springframework.boot.logging.logback.LogbackLoggingSystem.beforeInitialize(LogbackLoggingSystem.java:104)
	at org.springframework.boot.context.logging.LoggingApplicationListener.onApplicationStartingEvent(LoggingApplicationListener.java:219)
	at org.springframework.boot.context.logging.LoggingApplicationListener.onApplicationEvent(LoggingApplicationListener.java:200)
	at org.springframework.context.event.SimpleApplicationEventMulticaster.doInvokeListener(SimpleApplicationEventMulticaster.java:172)
	at org.springframework.context.event.SimpleApplicationEventMulticaster.invokeListener(SimpleApplicationEventMulticaster.java:165)
	at org.springframework.context.event.SimpleApplicationEventMulticaster.multicastEvent(SimpleApplicationEventMulticaster.java:139)
	at org.springframework.context.event.SimpleApplicationEventMulticaster.multicastEvent(SimpleApplicationEventMulticaster.java:127)
	at org.springframework.boot.context.event.EventPublishingRunListener.starting(EventPublishingRunListener.java:70)
	at org.springframework.boot.SpringApplicationRunListeners.starting(SpringApplicationRunListeners.java:47)
	at org.springframework.boot.SpringApplication.run(SpringApplication.java:302)
	at org.springframework.boot.test.context.SpringBootContextLoader.loadContext(SpringBootContextLoader.java:120)
	at org.springframework.test.context.cache.DefaultCacheAwareContextLoaderDelegate.loadContextInternal(DefaultCacheAwareContextLoaderDelegate.java:99)
	at org.springframework.test.context.cache.DefaultCacheAwareContextLoaderDelegate.loadContext(DefaultCacheAwareContextLoaderDelegate.java:117)
	... 24 more
2020-03-26 18:15:05  [ main:418 ] - [ TRACE ]  afterTestClass(): class [com.afeiluo.springboot.ImportSelectorTests]
2020-03-26 18:15:05  [ main:418 ] - [ DEBUG ]  After test class: context [DefaultTestContext@be64738 testClass = ImportSelectorTests, testInstance = [null], testMethod = [null], testException = [null], mergedContextConfiguration = [WebMergedContextConfiguration@3ba9ad43 testClass = ImportSelectorTests, locations = '{}', classes = '{class com.afeiluo.springboot.TestApplication, class com.afeiluo.springboot.TestApplication}', contextInitializerClasses = '[]', activeProfiles = '{}', propertySourceLocations = '{}', propertySourceProperties = '{org.springframework.boot.test.context.SpringBootTestContextBootstrapper=true}', contextCustomizers = set[org.springframework.boot.test.context.filter.ExcludeFilterContextCustomizer@64729b1e, org.springframework.boot.test.json.DuplicateJsonObjectContextCustomizerFactory$DuplicateJsonObjectContextCustomizer@6895a785, org.springframework.boot.test.mock.mockito.MockitoContextCustomizer@0, org.springframework.boot.test.web.client.TestRestTemplateContextCustomizer@704a52ec, org.springframework.boot.test.autoconfigure.properties.PropertyMappingContextCustomizer@0, org.springframework.boot.test.autoconfigure.web.servlet.WebDriverContextCustomizerFactory$Customizer@80503], resourceBasePath = 'src/main/webapp', contextLoader = 'org.springframework.boot.test.context.SpringBootContextLoader', parent = [null]], attributes = map['org.springframework.test.context.web.ServletTestExecutionListener.activateListener' -> true]], class annotated with @DirtiesContext [false] with mode [null].
2020-03-26 18:20:11  [ main:0 ] - [ DEBUG ]  SpringJUnit4ClassRunner constructor called with [class com.afeiluo.springboot.ImportSelectorTests]
2020-03-26 18:20:11  [ main:9 ] - [ DEBUG ]  Instantiating CacheAwareContextLoaderDelegate from class [org.springframework.test.context.cache.DefaultCacheAwareContextLoaderDelegate]
2020-03-26 18:20:11  [ main:24 ] - [ DEBUG ]  Found 'spring.properties' file in local classpath
2020-03-26 18:20:11  [ main:29 ] - [ DEBUG ]  Instantiating BootstrapContext using constructor [public org.springframework.test.context.support.DefaultBootstrapContext(java.lang.Class,org.springframework.test.context.CacheAwareContextLoaderDelegate)]
2020-03-26 18:20:12  [ main:95 ] - [ DEBUG ]  Instantiating TestContextBootstrapper for test class [com.afeiluo.springboot.ImportSelectorTests] from class [org.springframework.boot.test.context.SpringBootTestContextBootstrapper]
2020-03-26 18:20:12  [ main:112 ] - [ TRACE ]  Resolving ContextLoader for context configuration attributes [ContextConfigurationAttributes@192b07fd declaringClass = 'com.afeiluo.springboot.ImportSelectorTests', classes = '{class com.afeiluo.springboot.TestApplication}', locations = '{}', inheritLocations = false, initializers = '{}', inheritInitializers = true, name = [null], contextLoaderClass = 'org.springframework.test.context.ContextLoader']
2020-03-26 18:20:12  [ main:117 ] - [ TRACE ]  Using ContextLoader class [org.springframework.boot.test.context.SpringBootContextLoader] for test class [com.afeiluo.springboot.ImportSelectorTests]
2020-03-26 18:20:12  [ main:120 ] - [ INFO ]  Neither @ContextConfiguration nor @ContextHierarchy found for test class [com.afeiluo.springboot.ImportSelectorTests], using SpringBootContextLoader
2020-03-26 18:20:12  [ main:120 ] - [ TRACE ]  Resolving ContextLoader for context configuration attributes [ContextConfigurationAttributes@192b07fd declaringClass = 'com.afeiluo.springboot.ImportSelectorTests', classes = '{class com.afeiluo.springboot.TestApplication, class com.afeiluo.springboot.TestApplication}', locations = '{}', inheritLocations = false, initializers = '{}', inheritInitializers = true, name = [null], contextLoaderClass = 'org.springframework.test.context.ContextLoader']
2020-03-26 18:20:12  [ main:121 ] - [ TRACE ]  Using ContextLoader class [org.springframework.boot.test.context.SpringBootContextLoader] for test class [com.afeiluo.springboot.ImportSelectorTests]
2020-03-26 18:20:12  [ main:121 ] - [ TRACE ]  Processing locations and classes for context configuration attributes [ContextConfigurationAttributes@192b07fd declaringClass = 'com.afeiluo.springboot.ImportSelectorTests', classes = '{class com.afeiluo.springboot.TestApplication, class com.afeiluo.springboot.TestApplication}', locations = '{}', inheritLocations = false, initializers = '{}', inheritInitializers = true, name = [null], contextLoaderClass = 'org.springframework.test.context.ContextLoader']
2020-03-26 18:20:12  [ main:126 ] - [ DEBUG ]  Did not detect default resource location for test class [com.afeiluo.springboot.ImportSelectorTests]: class path resource [com/afeiluo/springboot/ImportSelectorTests-context.xml] does not exist
2020-03-26 18:20:12  [ main:129 ] - [ DEBUG ]  Did not detect default resource location for test class [com.afeiluo.springboot.ImportSelectorTests]: class path resource [com/afeiluo/springboot/ImportSelectorTestsContext.groovy] does not exist
2020-03-26 18:20:12  [ main:129 ] - [ INFO ]  Could not detect default resource locations for test class [com.afeiluo.springboot.ImportSelectorTests]: no resource found for suffixes {-context.xml, Context.groovy}.
2020-03-26 18:20:12  [ main:163 ] - [ TRACE ]  Loaded [org.springframework.test.context.ContextCustomizerFactory] names: [org.springframework.boot.test.context.ImportsContextCustomizerFactory, org.springframework.boot.test.context.filter.ExcludeFilterContextCustomizerFactory, org.springframework.boot.test.json.DuplicateJsonObjectContextCustomizerFactory, org.springframework.boot.test.mock.mockito.MockitoContextCustomizerFactory, org.springframework.boot.test.web.client.TestRestTemplateContextCustomizerFactory, org.springframework.boot.test.web.reactive.server.WebTestClientContextCustomizerFactory, org.springframework.boot.test.autoconfigure.OverrideAutoConfigurationContextCustomizerFactory, org.springframework.boot.test.autoconfigure.filter.TypeExcludeFiltersContextCustomizerFactory, org.springframework.boot.test.autoconfigure.properties.PropertyMappingContextCustomizerFactory, org.springframework.boot.test.autoconfigure.web.servlet.WebDriverContextCustomizerFactory, org.springframework.test.context.web.socket.MockServerContainerContextCustomizerFactory]
2020-03-26 18:20:12  [ main:233 ] - [ TRACE ]  Processing context initializers for configuration attributes [ContextConfigurationAttributes@192b07fd declaringClass = 'com.afeiluo.springboot.ImportSelectorTests', classes = '{class com.afeiluo.springboot.TestApplication, class com.afeiluo.springboot.TestApplication}', locations = '{}', inheritLocations = false, initializers = '{}', inheritInitializers = true, name = [null], contextLoaderClass = 'org.springframework.test.context.ContextLoader']
2020-03-26 18:20:12  [ main:235 ] - [ DEBUG ]  Could not find an 'annotation declaring class' for annotation type [org.springframework.test.context.ActiveProfiles] and class [com.afeiluo.springboot.ImportSelectorTests]
2020-03-26 18:20:12  [ main:514 ] - [ DEBUG ]  @TestExecutionListeners is not present for class [com.afeiluo.springboot.ImportSelectorTests]: using defaults.
2020-03-26 18:20:12  [ main:515 ] - [ INFO ]  Loaded default TestExecutionListener class names from location [META-INF/spring.factories]: [org.springframework.boot.test.mock.mockito.MockitoTestExecutionListener, org.springframework.boot.test.mock.mockito.ResetMocksTestExecutionListener, org.springframework.boot.test.autoconfigure.restdocs.RestDocsTestExecutionListener, org.springframework.boot.test.autoconfigure.web.client.MockRestServiceServerResetTestExecutionListener, org.springframework.boot.test.autoconfigure.web.servlet.MockMvcPrintOnlyOnFailureTestExecutionListener, org.springframework.boot.test.autoconfigure.web.servlet.WebDriverTestExecutionListener, org.springframework.test.context.web.ServletTestExecutionListener, org.springframework.test.context.support.DirtiesContextBeforeModesTestExecutionListener, org.springframework.test.context.support.DependencyInjectionTestExecutionListener, org.springframework.test.context.support.DirtiesContextTestExecutionListener, org.springframework.test.context.transaction.TransactionalTestExecutionListener, org.springframework.test.context.jdbc.SqlScriptsTestExecutionListener]
2020-03-26 18:20:12  [ main:533 ] - [ TRACE ]  Loaded [org.springframework.boot.test.context.DefaultTestExecutionListenersPostProcessor] names: [org.springframework.boot.test.autoconfigure.SpringBootDependencyInjectionTestExecutionListener$PostProcessor]
2020-03-26 18:20:12  [ main:554 ] - [ INFO ]  Using TestExecutionListeners: [org.springframework.test.context.web.ServletTestExecutionListener@6e0dec4a, org.springframework.test.context.support.DirtiesContextBeforeModesTestExecutionListener@96def03, org.springframework.boot.test.mock.mockito.MockitoTestExecutionListener@5ccddd20, org.springframework.boot.test.autoconfigure.SpringBootDependencyInjectionTestExecutionListener@1ed1993a, org.springframework.test.context.support.DirtiesContextTestExecutionListener@1f3f4916, org.springframework.test.context.transaction.TransactionalTestExecutionListener@794cb805, org.springframework.test.context.jdbc.SqlScriptsTestExecutionListener@4b5a5ed1, org.springframework.boot.test.mock.mockito.ResetMocksTestExecutionListener@59d016c9, org.springframework.boot.test.autoconfigure.restdocs.RestDocsTestExecutionListener@3cc2931c, org.springframework.boot.test.autoconfigure.web.client.MockRestServiceServerResetTestExecutionListener@20d28811, org.springframework.boot.test.autoconfigure.web.servlet.MockMvcPrintOnlyOnFailureTestExecutionListener@3967e60c, org.springframework.boot.test.autoconfigure.web.servlet.WebDriverTestExecutionListener@60d8c9b7]
2020-03-26 18:20:12  [ main:555 ] - [ TRACE ]  Registering TestExecutionListener: org.springframework.test.context.web.ServletTestExecutionListener@6e0dec4a
2020-03-26 18:20:12  [ main:555 ] - [ TRACE ]  Registering TestExecutionListener: org.springframework.test.context.support.DirtiesContextBeforeModesTestExecutionListener@96def03
2020-03-26 18:20:12  [ main:555 ] - [ TRACE ]  Registering TestExecutionListener: org.springframework.boot.test.mock.mockito.MockitoTestExecutionListener@5ccddd20
2020-03-26 18:20:12  [ main:555 ] - [ TRACE ]  Registering TestExecutionListener: org.springframework.boot.test.autoconfigure.SpringBootDependencyInjectionTestExecutionListener@1ed1993a
2020-03-26 18:20:12  [ main:555 ] - [ TRACE ]  Registering TestExecutionListener: org.springframework.test.context.support.DirtiesContextTestExecutionListener@1f3f4916
2020-03-26 18:20:12  [ main:555 ] - [ TRACE ]  Registering TestExecutionListener: org.springframework.test.context.transaction.TransactionalTestExecutionListener@794cb805
2020-03-26 18:20:12  [ main:556 ] - [ TRACE ]  Registering TestExecutionListener: org.springframework.test.context.jdbc.SqlScriptsTestExecutionListener@4b5a5ed1
2020-03-26 18:20:12  [ main:556 ] - [ TRACE ]  Registering TestExecutionListener: org.springframework.boot.test.mock.mockito.ResetMocksTestExecutionListener@59d016c9
2020-03-26 18:20:12  [ main:557 ] - [ TRACE ]  Registering TestExecutionListener: org.springframework.boot.test.autoconfigure.restdocs.RestDocsTestExecutionListener@3cc2931c
2020-03-26 18:20:12  [ main:557 ] - [ TRACE ]  Registering TestExecutionListener: org.springframework.boot.test.autoconfigure.web.client.MockRestServiceServerResetTestExecutionListener@20d28811
2020-03-26 18:20:12  [ main:558 ] - [ TRACE ]  Registering TestExecutionListener: org.springframework.boot.test.autoconfigure.web.servlet.MockMvcPrintOnlyOnFailureTestExecutionListener@3967e60c
2020-03-26 18:20:12  [ main:558 ] - [ TRACE ]  Registering TestExecutionListener: org.springframework.boot.test.autoconfigure.web.servlet.WebDriverTestExecutionListener@60d8c9b7
2020-03-26 18:20:12  [ main:561 ] - [ DEBUG ]  Retrieved @ProfileValueSourceConfiguration [null] for test class [com.afeiluo.springboot.ImportSelectorTests]
2020-03-26 18:20:12  [ main:562 ] - [ DEBUG ]  Retrieved ProfileValueSource type [class org.springframework.test.annotation.SystemProfileValueSource] for class [com.afeiluo.springboot.ImportSelectorTests]
2020-03-26 18:20:12  [ main:582 ] - [ DEBUG ]  Retrieved @ProfileValueSourceConfiguration [null] for test class [com.afeiluo.springboot.ImportSelectorTests]
2020-03-26 18:20:12  [ main:582 ] - [ DEBUG ]  Retrieved ProfileValueSource type [class org.springframework.test.annotation.SystemProfileValueSource] for class [com.afeiluo.springboot.ImportSelectorTests]
2020-03-26 18:20:12  [ main:585 ] - [ DEBUG ]  Retrieved @ProfileValueSourceConfiguration [null] for test class [com.afeiluo.springboot.ImportSelectorTests]
2020-03-26 18:20:12  [ main:585 ] - [ DEBUG ]  Retrieved ProfileValueSource type [class org.springframework.test.annotation.SystemProfileValueSource] for class [com.afeiluo.springboot.ImportSelectorTests]
2020-03-26 18:20:12  [ main:586 ] - [ DEBUG ]  Retrieved @ProfileValueSourceConfiguration [null] for test class [com.afeiluo.springboot.ImportSelectorTests]
2020-03-26 18:20:12  [ main:587 ] - [ DEBUG ]  Retrieved ProfileValueSource type [class org.springframework.test.annotation.SystemProfileValueSource] for class [com.afeiluo.springboot.ImportSelectorTests]
2020-03-26 18:20:12  [ main:588 ] - [ TRACE ]  beforeTestClass(): class [com.afeiluo.springboot.ImportSelectorTests]
2020-03-26 18:20:12  [ main:590 ] - [ DEBUG ]  Before test class: context [DefaultTestContext@be64738 testClass = ImportSelectorTests, testInstance = [null], testMethod = [null], testException = [null], mergedContextConfiguration = [WebMergedContextConfiguration@3ba9ad43 testClass = ImportSelectorTests, locations = '{}', classes = '{class com.afeiluo.springboot.TestApplication, class com.afeiluo.springboot.TestApplication}', contextInitializerClasses = '[]', activeProfiles = '{}', propertySourceLocations = '{}', propertySourceProperties = '{org.springframework.boot.test.context.SpringBootTestContextBootstrapper=true}', contextCustomizers = set[org.springframework.boot.test.context.filter.ExcludeFilterContextCustomizer@64729b1e, org.springframework.boot.test.json.DuplicateJsonObjectContextCustomizerFactory$DuplicateJsonObjectContextCustomizer@6895a785, org.springframework.boot.test.mock.mockito.MockitoContextCustomizer@0, org.springframework.boot.test.web.client.TestRestTemplateContextCustomizer@704a52ec, org.springframework.boot.test.autoconfigure.properties.PropertyMappingContextCustomizer@0, org.springframework.boot.test.autoconfigure.web.servlet.WebDriverContextCustomizerFactory$Customizer@80503], resourceBasePath = 'src/main/webapp', contextLoader = 'org.springframework.boot.test.context.SpringBootContextLoader', parent = [null]], attributes = map['org.springframework.test.context.web.ServletTestExecutionListener.activateListener' -> true]], class annotated with @DirtiesContext [false] with mode [null].
2020-03-26 18:20:12  [ main:592 ] - [ DEBUG ]  Retrieved @ProfileValueSourceConfiguration [null] for test class [com.afeiluo.springboot.ImportSelectorTests]
2020-03-26 18:20:12  [ main:592 ] - [ DEBUG ]  Retrieved ProfileValueSource type [class org.springframework.test.annotation.SystemProfileValueSource] for class [com.afeiluo.springboot.ImportSelectorTests]
2020-03-26 18:20:12  [ main:593 ] - [ TRACE ]  prepareTestInstance(): instance [com.afeiluo.springboot.ImportSelectorTests@418e7838]
2020-03-26 18:20:12  [ main:649 ] - [ DEBUG ]  Adding inlined properties to environment: {spring.jmx.enabled=false, org.springframework.boot.test.context.SpringBootTestContextBootstrapper=true, server.port=-1}
2020-03-26 18:20:12  [ main:700 ] - [ ERROR ]  Caught exception while allowing TestExecutionListener [org.springframework.test.context.web.ServletTestExecutionListener@6e0dec4a] to prepare test instance [com.afeiluo.springboot.ImportSelectorTests@418e7838]
java.lang.IllegalStateException: Failed to load ApplicationContext
	at org.springframework.test.context.cache.DefaultCacheAwareContextLoaderDelegate.loadContext(DefaultCacheAwareContextLoaderDelegate.java:125)
	at org.springframework.test.context.support.DefaultTestContext.getApplicationContext(DefaultTestContext.java:108)
	at org.springframework.test.context.web.ServletTestExecutionListener.setUpRequestContextIfNecessary(ServletTestExecutionListener.java:190)
	at org.springframework.test.context.web.ServletTestExecutionListener.prepareTestInstance(ServletTestExecutionListener.java:132)
	at org.springframework.test.context.TestContextManager.prepareTestInstance(TestContextManager.java:246)
	at org.springframework.test.context.junit4.SpringJUnit4ClassRunner.createTest(SpringJUnit4ClassRunner.java:227)
	at org.springframework.test.context.junit4.SpringJUnit4ClassRunner$1.runReflectiveCall(SpringJUnit4ClassRunner.java:289)
	at org.junit.internal.runners.model.ReflectiveCallable.run(ReflectiveCallable.java:12)
	at org.springframework.test.context.junit4.SpringJUnit4ClassRunner.methodBlock(SpringJUnit4ClassRunner.java:291)
	at org.springframework.test.context.junit4.SpringJUnit4ClassRunner.runChild(SpringJUnit4ClassRunner.java:246)
	at org.springframework.test.context.junit4.SpringJUnit4ClassRunner.runChild(SpringJUnit4ClassRunner.java:97)
	at org.junit.runners.ParentRunner$3.run(ParentRunner.java:290)
	at org.junit.runners.ParentRunner$1.schedule(ParentRunner.java:71)
	at org.junit.runners.ParentRunner.runChildren(ParentRunner.java:288)
	at org.junit.runners.ParentRunner.access$000(ParentRunner.java:58)
	at org.junit.runners.ParentRunner$2.evaluate(ParentRunner.java:268)
	at org.springframework.test.context.junit4.statements.RunBeforeTestClassCallbacks.evaluate(RunBeforeTestClassCallbacks.java:61)
	at org.springframework.test.context.junit4.statements.RunAfterTestClassCallbacks.evaluate(RunAfterTestClassCallbacks.java:70)
	at org.junit.runners.ParentRunner.run(ParentRunner.java:363)
	at org.springframework.test.context.junit4.SpringJUnit4ClassRunner.run(SpringJUnit4ClassRunner.java:190)
	at org.junit.runner.JUnitCore.run(JUnitCore.java:137)
	at com.intellij.junit4.JUnit4IdeaTestRunner.startRunnerWithArgs(JUnit4IdeaTestRunner.java:68)
	at com.intellij.rt.execution.junit.IdeaTestRunner$Repeater.startRunnerWithArgs(IdeaTestRunner.java:51)
	at com.intellij.rt.execution.junit.JUnitStarter.prepareStreamsAndStart(JUnitStarter.java:237)
	at com.intellij.rt.execution.junit.JUnitStarter.main(JUnitStarter.java:70)
Caused by: java.lang.IllegalArgumentException: LoggerFactory is not a Logback LoggerContext but Logback is on the classpath. Either remove Logback or the competing implementation (class org.slf4j.impl.Log4jLoggerFactory loaded from file:/Users/qiaolinfei/.m2/repository/org/slf4j/slf4j-log4j12/1.7.5/slf4j-log4j12-1.7.5.jar). If you are using WebLogic you will need to add 'org.slf4j' to prefer-application-packages in WEB-INF/weblogic.xml: org.slf4j.impl.Log4jLoggerFactory
	at org.springframework.util.Assert.instanceCheckFailed(Assert.java:655)
	at org.springframework.util.Assert.isInstanceOf(Assert.java:555)
	at org.springframework.boot.logging.logback.LogbackLoggingSystem.getLoggerContext(LogbackLoggingSystem.java:280)
	at org.springframework.boot.logging.logback.LogbackLoggingSystem.beforeInitialize(LogbackLoggingSystem.java:104)
	at org.springframework.boot.context.logging.LoggingApplicationListener.onApplicationStartingEvent(LoggingApplicationListener.java:219)
	at org.springframework.boot.context.logging.LoggingApplicationListener.onApplicationEvent(LoggingApplicationListener.java:200)
	at org.springframework.context.event.SimpleApplicationEventMulticaster.doInvokeListener(SimpleApplicationEventMulticaster.java:172)
	at org.springframework.context.event.SimpleApplicationEventMulticaster.invokeListener(SimpleApplicationEventMulticaster.java:165)
	at org.springframework.context.event.SimpleApplicationEventMulticaster.multicastEvent(SimpleApplicationEventMulticaster.java:139)
	at org.springframework.context.event.SimpleApplicationEventMulticaster.multicastEvent(SimpleApplicationEventMulticaster.java:127)
	at org.springframework.boot.context.event.EventPublishingRunListener.starting(EventPublishingRunListener.java:70)
	at org.springframework.boot.SpringApplicationRunListeners.starting(SpringApplicationRunListeners.java:47)
	at org.springframework.boot.SpringApplication.run(SpringApplication.java:302)
	at org.springframework.boot.test.context.SpringBootContextLoader.loadContext(SpringBootContextLoader.java:120)
	at org.springframework.test.context.cache.DefaultCacheAwareContextLoaderDelegate.loadContextInternal(DefaultCacheAwareContextLoaderDelegate.java:99)
	at org.springframework.test.context.cache.DefaultCacheAwareContextLoaderDelegate.loadContext(DefaultCacheAwareContextLoaderDelegate.java:117)
	... 24 more
2020-03-26 18:20:12  [ main:710 ] - [ TRACE ]  afterTestClass(): class [com.afeiluo.springboot.ImportSelectorTests]
2020-03-26 18:20:12  [ main:711 ] - [ DEBUG ]  After test class: context [DefaultTestContext@be64738 testClass = ImportSelectorTests, testInstance = [null], testMethod = [null], testException = [null], mergedContextConfiguration = [WebMergedContextConfiguration@3ba9ad43 testClass = ImportSelectorTests, locations = '{}', classes = '{class com.afeiluo.springboot.TestApplication, class com.afeiluo.springboot.TestApplication}', contextInitializerClasses = '[]', activeProfiles = '{}', propertySourceLocations = '{}', propertySourceProperties = '{org.springframework.boot.test.context.SpringBootTestContextBootstrapper=true}', contextCustomizers = set[org.springframework.boot.test.context.filter.ExcludeFilterContextCustomizer@64729b1e, org.springframework.boot.test.json.DuplicateJsonObjectContextCustomizerFactory$DuplicateJsonObjectContextCustomizer@6895a785, org.springframework.boot.test.mock.mockito.MockitoContextCustomizer@0, org.springframework.boot.test.web.client.TestRestTemplateContextCustomizer@704a52ec, org.springframework.boot.test.autoconfigure.properties.PropertyMappingContextCustomizer@0, org.springframework.boot.test.autoconfigure.web.servlet.WebDriverContextCustomizerFactory$Customizer@80503], resourceBasePath = 'src/main/webapp', contextLoader = 'org.springframework.boot.test.context.SpringBootContextLoader', parent = [null]], attributes = map['org.springframework.test.context.web.ServletTestExecutionListener.activateListener' -> true]], class annotated with @DirtiesContext [false] with mode [null].
